<?xml version="1.0" encoding="UTF-8"?>
<!-- Generated by org.testng.reporters.JUnitReportReporter -->
<testsuite hostname="EPBYMINW2704" name="by.epam.atl.task2.bin.NoteTest" tests="2" failures="0" timestamp="26 Apr 2016 07:58:25 GMT" time="0.020" errors="0">
  <testcase name="testNoteConstructor" time="0.016" classname="by.epam.atl.task2.bin.NoteTest"/>
  <testcase name="testNoteSettersGetters" time="0.004" classname="by.epam.atl.task2.bin.NoteTest"/>
</testsuite> <!-- by.epam.atl.task2.bin.NoteTest -->
