<?xml version="1.0" encoding="UTF-8"?>
<!-- Generated by org.testng.reporters.JUnitReportReporter -->
<testsuite hostname="EPBYMINW2704" name="by.epam.atl.task2.bin.NoteTest" tests="2" failures="0" timestamp="27 Apr 2016 06:35:43 GMT" time="0.120" errors="0">
  <testcase name="testNoteSettersGetters" time="0.000" classname="by.epam.atl.task2.bin.NoteTest"/>
  <testcase name="testNoteConstructor" time="0.120" classname="by.epam.atl.task2.bin.NoteTest"/>
</testsuite> <!-- by.epam.atl.task2.bin.NoteTest -->
